<?xml version="1.0" encoding="UTF-8"?>
<!-- Generated by org.testng.reporters.JUnitXMLReporter -->
<testsuite ignored="0" hostname="DESKTOP-D716IJ6" failures="0" tests="3" name="Test" time="75.14" errors="0" timestamp="2023-02-22T08:23:16 IST">
  <testcase classname="testScripts.DragNDrop" name="dragNDropTheCourse" time="32.729"/>
  <testcase classname="testScripts.SendMail" name="sendMail" time="14.511"/>
  <testcase classname="testScripts.AddToCart" name="addCourseToCart" time="6.739"/>
</testsuite> <!-- Test -->
