<?xml version="1.0" encoding="UTF-8"?>
<!-- Generated by org.testng.reporters.JUnitXMLReporter -->
<testsuite ignored="0" hostname="DESKTOP-D716IJ6" failures="0" tests="4" name="Test" time="105.573" errors="0" timestamp="2023-02-21T09:29:03 IST">
  <testcase classname="testScripts.DragNDrop" name="dragNDropTheCourse" time="22.422"/>
  <testcase classname="testScripts.SendMail" name="sendMail" time="15.121"/>
  <testcase classname="testScripts.PlayCourseVideo" name="playVideo" time="23.483"/>
  <testcase classname="testScripts.AddToCart" name="addCourseToCart" time="11.023"/>
</testsuite> <!-- Test -->
